<?xml version="1.0" encoding="UTF-8"?>
<!-- Generated by org.testng.reporters.JUnitXMLReporter -->
<testsuite hostname="DESKTOP-RBRO6UP" ignored="2" name="Test" tests="1" failures="0" timestamp="30 Apr 2022 15:01:24 GMT" time="18.733" errors="0">
  <testcase name="testcase3" time="11.798" classname="webdriver_new.playing_with_alerts"/>
  <testcase name="testcase1" time="0.0" classname="webdriver_new.playing_with_alerts">
    <ignored/>
  </testcase> <!-- testcase1 -->
  <testcase name="testcase2" time="0.0" classname="webdriver_new.playing_with_alerts">
    <ignored/>
  </testcase> <!-- testcase2 -->
</testsuite> <!-- Test -->
